<?xml version="1.0" encoding="UTF-8"?>
<!-- Generated by org.testng.reporters.JUnitReportReporter -->
<testsuite hostname="DESKTOP-A34NH13" failures="0" tests="1" name="tests.PostAddNewPetToStore" time="1.337" errors="0" timestamp="2025-07-19T23:01:23 IST" skipped="0">
  <testcase classname="tests.PostAddNewPetToStore" name="postPetByValidDetails" time="1.337"/>
</testsuite> <!-- tests.PostAddNewPetToStore -->
