<?xml version="1.0" encoding="UTF-8"?>
<!-- Generated by org.testng.reporters.JUnitReportReporter -->
<testsuite hostname="DESKTOP-A34NH13" failures="0" tests="1" name="tests.GetPetByID" time="1.135" errors="0" timestamp="2025-07-20T22:05:34 IST" skipped="0">
  <testcase classname="tests.GetPetByID" name="getPetById" time="1.135"/>
</testsuite> <!-- tests.GetPetByID -->
