<?xml version="1.0" encoding="UTF-8"?>
<!-- Generated by org.testng.reporters.JUnitReportReporter -->
<testsuite hostname="DESKTOP-A34NH13" failures="0" tests="1" name="tests.StoreTests" time="1.166" errors="0" timestamp="2025-07-19T23:01:23 IST" skipped="0">
  <testcase classname="tests.StoreTests" name="getPetById" time="1.166"/>
</testsuite> <!-- tests.StoreTests -->
