<?xml version="1.0" encoding="UTF-8"?>
<!-- Generated by org.testng.reporters.JUnitReportReporter -->
<testsuite hostname="DESKTOP-A34NH13" failures="0" tests="1" name="everythingAboutYourPets.PostAddNewPetToStore" time="3.603" errors="0" timestamp="2025-07-19T22:57:52 IST" skipped="0">
  <testcase classname="everythingAboutYourPets.PostAddNewPetToStore" name="postPetByValidDetails" time="3.603"/>
</testsuite> <!-- everythingAboutYourPets.PostAddNewPetToStore -->
