<?xml version="1.0" encoding="UTF-8"?>
<!-- Generated by org.testng.reporters.JUnitReportReporter -->
<testsuite hostname="DESKTOP-1G66SN1" failures="0" tests="1" name="tests.PostAddNewPetToStore" time="8.105" errors="0" timestamp="2025-07-21T11:58:20 IST" skipped="0">
  <testcase classname="tests.PostAddNewPetToStore" name="postPetByValidDetails" time="8.105"/>
</testsuite> <!-- tests.PostAddNewPetToStore -->
