<?xml version="1.0" encoding="UTF-8"?>
<!-- Generated by org.testng.reporters.JUnitReportReporter -->
<testsuite hostname="DESKTOP-A34NH13" failures="0" tests="1" name="tests.PetTests" time="2.792" errors="0" timestamp="2025-07-19T23:11:24 IST" skipped="0">
  <testcase classname="tests.PetTests" name="getPetById" time="2.792"/>
</testsuite> <!-- tests.PetTests -->
